  ChaseEnemy.cpp
ChaseEnemy.cpp(71): warning C4305: '-=': truncation from 'double' to 'float'
ChaseEnemy.cpp(76): warning C4018: '<': signed/unsigned mismatch
ChaseEnemy.cpp(83): warning C4244: '=': conversion from 'int' to 'float', possible loss of data
ChaseEnemy.cpp(91): warning C4244: '=': conversion from 'int' to 'float', possible loss of data
ChaseEnemy.cpp(103): warning C4244: '=': conversion from 'int' to 'float', possible loss of data
ChaseEnemy.cpp(111): warning C4244: '=': conversion from 'int' to 'float', possible loss of data
ChaseEnemy.cpp(125): warning C4018: '<': signed/unsigned mismatch
ChaseEnemy.cpp(178): warning C4305: '=': truncation from 'double' to 'float'
ChaseEnemy.cpp(185): warning C4305: '=': truncation from 'double' to 'float'
ChaseEnemy.cpp(188): warning C4305: '=': truncation from 'double' to 'float'
  Game.cpp
C:\Program Files (x86)\Windows Kits\10\Include\10.0.16299.0\shared\minwindef.h(130): warning C4005: 'APIENTRY': macro redefinition
  C:\Users\CarlRiley\Visual Studio\repos\Programming 2 Game Project\packages\nupengl.core.0.1.0.1\build\native\include\GLFW\glfw3.h(92): note: see previous definition of 'APIENTRY'
  Map.cpp
Map.cpp(26): warning C4018: '<': signed/unsigned mismatch
Map.cpp(32): warning C4018: '<': signed/unsigned mismatch
Map.cpp(38): warning C4018: '<': signed/unsigned mismatch
Map.cpp(43): warning C4018: '<': signed/unsigned mismatch
Map.cpp(57): warning C4018: '<': signed/unsigned mismatch
Map.cpp(64): warning C4018: '<': signed/unsigned mismatch
Map.cpp(71): warning C4018: '<': signed/unsigned mismatch
Map.cpp(114): warning C4018: '<': signed/unsigned mismatch
Map.cpp(151): warning C4244: 'argument': conversion from 'int' to 'float', possible loss of data
Map.cpp(165): warning C4244: 'argument': conversion from 'int' to 'float', possible loss of data
Map.cpp(179): warning C4244: 'argument': conversion from 'int' to 'float', possible loss of data
Map.cpp(193): warning C4244: 'argument': conversion from 'int' to 'float', possible loss of data
  Player.cpp
C:\Program Files (x86)\Windows Kits\10\Include\10.0.16299.0\shared\minwindef.h(130): warning C4005: 'APIENTRY': macro redefinition
  C:\Users\CarlRiley\Visual Studio\repos\Programming 2 Game Project\packages\nupengl.core.0.1.0.1\build\native\include\GLFW\glfw3.h(92): note: see previous definition of 'APIENTRY'
Player.cpp(46): warning C4018: '<': signed/unsigned mismatch
Player.cpp(70): warning C4018: '<': signed/unsigned mismatch
Player.cpp(101): warning C4244: 'argument': conversion from 'double' to 'float', possible loss of data
Player.cpp(108): warning C4244: 'argument': conversion from 'double' to 'float', possible loss of data
Player.cpp(123): warning C4018: '<': signed/unsigned mismatch
Player.cpp(197): warning C4018: '<': signed/unsigned mismatch
Player.cpp(203): warning C4244: 'argument': conversion from 'double' to 'float', possible loss of data
Player.cpp(202): warning C4244: 'argument': conversion from 'double' to 'float', possible loss of data
Player.cpp(214): warning C4244: 'return': conversion from 'int' to 'float', possible loss of data
Player.cpp(218): warning C4244: 'return': conversion from 'int' to 'float', possible loss of data
Player.cpp(242): warning C4305: '=': truncation from 'double' to 'float'
Player.cpp(246): warning C4305: '=': truncation from 'double' to 'float'
Player.cpp(249): warning C4305: '=': truncation from 'double' to 'float'
Player.cpp(274): warning C4305: '-=': truncation from 'double' to 'float'
Player.cpp(281): warning C4018: '<': signed/unsigned mismatch
Player.cpp(288): warning C4244: '=': conversion from 'int' to 'float', possible loss of data
Player.cpp(304): warning C4244: '=': conversion from 'int' to 'float', possible loss of data
Player.cpp(324): warning C4244: '=': conversion from 'int' to 'float', possible loss of data
Player.cpp(340): warning C4244: '=': conversion from 'int' to 'float', possible loss of data
Player.cpp(361): warning C4018: '<': signed/unsigned mismatch
Player.cpp(418): warning C4018: '<': signed/unsigned mismatch
Player.cpp(473): warning C4018: '<': signed/unsigned mismatch
Player.cpp(633): warning C4305: '+=': truncation from 'double' to 'float'
Player.cpp(636): warning C4305: '-=': truncation from 'double' to 'float'
SOIL.lib(SOIL.obj) : warning LNK4075: ignoring '/EDITANDCONTINUE' due to '/OPT:ICF' specification
LINK : warning LNK4098: defaultlib 'MSVCRTD' conflicts with use of other libs; use /NODEFAULTLIB:library
Game.obj : error LNK2001: unresolved external symbol __imp__PlaySoundA@12
Player.obj : error LNK2001: unresolved external symbol __imp__mciSendStringA@16
C:\Users\CarlRiley\Visual Studio\repos\Programming 2 Game Project\Release\Programming Project.exe : fatal error LNK1120: 2 unresolved externals
